This file contains any messages produced by compilers while
running configure, to aid debugging if configure makes a mistake.

It was created by json-c configure 0.10, which was
generated by GNU Autoconf 2.68.  Invocation command line was

  $ ./configure CFLAGS=-m32 CXXFLAGS=-m32 LDFLAGS=-m32 --disable-shared --enable-static

## --------- ##
## Platform. ##
## --------- ##

hostname = localhost.localdomain
uname -m = x86_64
uname -r = 2.6.18-398.el5
uname -s = Linux
uname -v = #1 SMP Tue Sep 16 20:50:52 EDT 2014

/usr/bin/uname -p = unknown
/bin/uname -X     = unknown

/bin/arch              = x86_64
/usr/bin/arch -k       = unknown
/usr/convex/getsysinfo = unknown
/usr/bin/hostinfo      = unknown
/bin/machine           = unknown
/usr/bin/oslevel       = unknown
/bin/universe          = unknown

PATH: /usr/kerberos/bin
PATH: /usr/local/bin
PATH: /usr/bin
PATH: /bin
PATH: /usr/X11R6/bin
PATH: /home/user/bin


## ----------- ##
## Core tests. ##
## ----------- ##

configure:2410: checking for a BSD-compatible install
configure:2478: result: /usr/bin/install -c
configure:2489: checking whether build environment is sane
configure:2539: result: yes
configure:2680: checking for a thread-safe mkdir -p
configure:2719: result: /bin/mkdir -p
configure:2732: checking for gawk
configure:2748: found /usr/bin/gawk
configure:2759: result: gawk
configure:2770: checking whether make sets $(MAKE)
configure:2792: result: yes
configure:2873: checking whether make sets $(MAKE)
configure:2895: result: yes
configure:2926: checking for style of include used by make
configure:2954: result: GNU
configure:3024: checking for gcc
configure:3040: found /usr/bin/gcc
configure:3051: result: gcc
configure:3280: checking for C compiler version
configure:3289: gcc --version >&5
gcc (GCC) 4.1.2 20080704 (Red Hat 4.1.2-55)
Copyright (C) 2006 Free Software Foundation, Inc.
This is free software; see the source for copying conditions.  There is NO
warranty; not even for MERCHANTABILITY or FITNESS FOR A PARTICULAR PURPOSE.

configure:3300: $? = 0
configure:3289: gcc -v >&5
Using built-in specs.
Target: x86_64-redhat-linux
Configured with: ../configure --prefix=/usr --mandir=/usr/share/man --infodir=/usr/share/info --enable-shared --enable-threads=posix --enable-checking=release --with-system-zlib --enable-__cxa_atexit --disable-libunwind-exceptions --enable-libgcj-multifile --enable-languages=c,c++,objc,obj-c++,java,fortran,ada --enable-java-awt=gtk --disable-dssi --disable-plugin --with-java-home=/usr/lib/jvm/java-1.4.2-gcj-1.4.2.0/jre --with-cpu=generic --host=x86_64-redhat-linux
Thread model: posix
gcc version 4.1.2 20080704 (Red Hat 4.1.2-55)
configure:3300: $? = 0
configure:3289: gcc -V >&5
gcc: '-V' option must have argument
configure:3300: $? = 1
configure:3289: gcc -qversion >&5
gcc: unrecognized option '-qversion'
gcc: no input files
configure:3300: $? = 1
configure:3320: checking whether the C compiler works
configure:3342: gcc -m32  -m32 conftest.c  >&5
configure:3346: $? = 0
configure:3394: result: yes
configure:3397: checking for C compiler default output file name
configure:3399: result: a.out
configure:3405: checking for suffix of executables
configure:3412: gcc -o conftest -m32  -m32 conftest.c  >&5
configure:3416: $? = 0
configure:3438: result: 
configure:3460: checking whether we are cross compiling
configure:3468: gcc -o conftest -m32  -m32 conftest.c  >&5
configure:3472: $? = 0
configure:3479: ./conftest
configure:3483: $? = 0
configure:3498: result: no
configure:3503: checking for suffix of object files
configure:3525: gcc -c -m32  conftest.c >&5
configure:3529: $? = 0
configure:3550: result: o
configure:3554: checking whether we are using the GNU C compiler
configure:3573: gcc -c -m32  conftest.c >&5
configure:3573: $? = 0
configure:3582: result: yes
configure:3591: checking whether gcc accepts -g
configure:3611: gcc -c -g  conftest.c >&5
configure:3611: $? = 0
configure:3652: result: yes
configure:3669: checking for gcc option to accept ISO C89
configure:3733: gcc  -c -m32  conftest.c >&5
configure:3733: $? = 0
configure:3746: result: none needed
configure:3768: checking dependency style of gcc
configure:3878: result: gcc3
configure:3899: checking how to run the C preprocessor
configure:3930: gcc -E  conftest.c
configure:3930: $? = 0
configure:3944: gcc -E  conftest.c
conftest.c:11:28: error: ac_nonexistent.h: No such file or directory
configure:3944: $? = 1
configure: failed program was:
| /* confdefs.h */
| #define PACKAGE_NAME "json-c"
| #define PACKAGE_TARNAME "json-c"
| #define PACKAGE_VERSION "0.10"
| #define PACKAGE_STRING "json-c 0.10"
| #define PACKAGE_BUGREPORT "json-c@googlegroups.com"
| #define PACKAGE_URL ""
| #define PACKAGE "json-c"
| #define VERSION "0.10"
| /* end confdefs.h.  */
| #include <ac_nonexistent.h>
configure:3969: result: gcc -E
configure:3989: gcc -E  conftest.c
configure:3989: $? = 0
configure:4003: gcc -E  conftest.c
conftest.c:11:28: error: ac_nonexistent.h: No such file or directory
configure:4003: $? = 1
configure: failed program was:
| /* confdefs.h */
| #define PACKAGE_NAME "json-c"
| #define PACKAGE_TARNAME "json-c"
| #define PACKAGE_VERSION "0.10"
| #define PACKAGE_STRING "json-c 0.10"
| #define PACKAGE_BUGREPORT "json-c@googlegroups.com"
| #define PACKAGE_URL ""
| #define PACKAGE "json-c"
| #define VERSION "0.10"
| /* end confdefs.h.  */
| #include <ac_nonexistent.h>
configure:4032: checking for grep that handles long lines and -e
configure:4090: result: /bin/grep
configure:4095: checking for egrep
configure:4157: result: /bin/grep -E
configure:4162: checking for ANSI C header files
configure:4182: gcc -c -m32  conftest.c >&5
configure:4182: $? = 0
configure:4255: gcc -o conftest -m32  -m32 conftest.c  >&5
configure:4255: $? = 0
configure:4255: ./conftest
configure:4255: $? = 0
configure:4266: result: yes
configure:4279: checking for sys/types.h
configure:4279: gcc -c -m32  conftest.c >&5
configure:4279: $? = 0
configure:4279: result: yes
configure:4279: checking for sys/stat.h
configure:4279: gcc -c -m32  conftest.c >&5
configure:4279: $? = 0
configure:4279: result: yes
configure:4279: checking for stdlib.h
configure:4279: gcc -c -m32  conftest.c >&5
configure:4279: $? = 0
configure:4279: result: yes
configure:4279: checking for string.h
configure:4279: gcc -c -m32  conftest.c >&5
configure:4279: $? = 0
configure:4279: result: yes
configure:4279: checking for memory.h
configure:4279: gcc -c -m32  conftest.c >&5
configure:4279: $? = 0
configure:4279: result: yes
configure:4279: checking for strings.h
configure:4279: gcc -c -m32  conftest.c >&5
configure:4279: $? = 0
configure:4279: result: yes
configure:4279: checking for inttypes.h
configure:4279: gcc -c -m32  conftest.c >&5
configure:4279: $? = 0
configure:4279: result: yes
configure:4279: checking for stdint.h
configure:4279: gcc -c -m32  conftest.c >&5
configure:4279: $? = 0
configure:4279: result: yes
configure:4279: checking for unistd.h
configure:4279: gcc -c -m32  conftest.c >&5
configure:4279: $? = 0
configure:4279: result: yes
configure:4294: checking fcntl.h usability
configure:4294: gcc -c -m32  conftest.c >&5
configure:4294: $? = 0
configure:4294: result: yes
configure:4294: checking fcntl.h presence
configure:4294: gcc -E  conftest.c
configure:4294: $? = 0
configure:4294: result: yes
configure:4294: checking for fcntl.h
configure:4294: result: yes
configure:4294: checking limits.h usability
configure:4294: gcc -c -m32  conftest.c >&5
configure:4294: $? = 0
configure:4294: result: yes
configure:4294: checking limits.h presence
configure:4294: gcc -E  conftest.c
configure:4294: $? = 0
configure:4294: result: yes
configure:4294: checking for limits.h
configure:4294: result: yes
configure:4294: checking for strings.h
configure:4294: result: yes
configure:4294: checking syslog.h usability
configure:4294: gcc -c -m32  conftest.c >&5
configure:4294: $? = 0
configure:4294: result: yes
configure:4294: checking syslog.h presence
configure:4294: gcc -E  conftest.c
configure:4294: $? = 0
configure:4294: result: yes
configure:4294: checking for syslog.h
configure:4294: result: yes
configure:4294: checking for unistd.h
configure:4294: result: yes
configure:4294: checking sys/param.h usability
configure:4294: gcc -c -m32  conftest.c >&5
configure:4294: $? = 0
configure:4294: result: yes
configure:4294: checking sys/param.h presence
configure:4294: gcc -E  conftest.c
configure:4294: $? = 0
configure:4294: result: yes
configure:4294: checking for sys/param.h
configure:4294: result: yes
configure:4294: checking stdarg.h usability
configure:4294: gcc -c -m32  conftest.c >&5
configure:4294: $? = 0
configure:4294: result: yes
configure:4294: checking stdarg.h presence
configure:4294: gcc -E  conftest.c
configure:4294: $? = 0
configure:4294: result: yes
configure:4294: checking for stdarg.h
configure:4294: result: yes
configure:4304: checking for inttypes.h
configure:4304: result: yes
configure:4314: checking for an ANSI C-conforming const
configure:4379: gcc -c -m32  conftest.c >&5
configure:4379: $? = 0
configure:4386: result: yes
configure:4394: checking for size_t
configure:4394: gcc -c -m32  conftest.c >&5
configure:4394: $? = 0
configure:4394: gcc -c -m32  conftest.c >&5
conftest.c: In function 'main':
conftest.c:65: error: expected expression before ')' token
configure:4394: $? = 1
configure: failed program was:
| /* confdefs.h */
| #define PACKAGE_NAME "json-c"
| #define PACKAGE_TARNAME "json-c"
| #define PACKAGE_VERSION "0.10"
| #define PACKAGE_STRING "json-c 0.10"
| #define PACKAGE_BUGREPORT "json-c@googlegroups.com"
| #define PACKAGE_URL ""
| #define PACKAGE "json-c"
| #define VERSION "0.10"
| #define STDC_HEADERS 1
| #define HAVE_SYS_TYPES_H 1
| #define HAVE_SYS_STAT_H 1
| #define HAVE_STDLIB_H 1
| #define HAVE_STRING_H 1
| #define HAVE_MEMORY_H 1
| #define HAVE_STRINGS_H 1
| #define HAVE_INTTYPES_H 1
| #define HAVE_STDINT_H 1
| #define HAVE_UNISTD_H 1
| #define HAVE_FCNTL_H 1
| #define HAVE_LIMITS_H 1
| #define HAVE_STRINGS_H 1
| #define HAVE_SYSLOG_H 1
| #define HAVE_UNISTD_H 1
| #define HAVE_SYS_PARAM_H 1
| #define HAVE_STDARG_H 1
| #define JSON_C_HAVE_INTTYPES_H 1
| /* end confdefs.h.  */
| #include <stdio.h>
| #ifdef HAVE_SYS_TYPES_H
| # include <sys/types.h>
| #endif
| #ifdef HAVE_SYS_STAT_H
| # include <sys/stat.h>
| #endif
| #ifdef STDC_HEADERS
| # include <stdlib.h>
| # include <stddef.h>
| #else
| # ifdef HAVE_STDLIB_H
| #  include <stdlib.h>
| # endif
| #endif
| #ifdef HAVE_STRING_H
| # if !defined STDC_HEADERS && defined HAVE_MEMORY_H
| #  include <memory.h>
| # endif
| # include <string.h>
| #endif
| #ifdef HAVE_STRINGS_H
| # include <strings.h>
| #endif
| #ifdef HAVE_INTTYPES_H
| # include <inttypes.h>
| #endif
| #ifdef HAVE_STDINT_H
| # include <stdint.h>
| #endif
| #ifdef HAVE_UNISTD_H
| # include <unistd.h>
| #endif
| int
| main ()
| {
| if (sizeof ((size_t)))
| 	    return 0;
|   ;
|   return 0;
| }
configure:4394: result: yes
configure:4409: checking for vprintf
configure:4409: gcc -o conftest -m32  -m32 conftest.c  >&5
conftest.c:52: warning: conflicting types for built-in function 'vprintf'
configure:4409: $? = 0
configure:4409: result: yes
configure:4415: checking for _doprnt
configure:4415: gcc -o conftest -m32  -m32 conftest.c  >&5
/tmp/ccmQmIjy.o: In function `main':
conftest.c:(.text+0x12): undefined reference to `_doprnt'
collect2: ld returned 1 exit status
configure:4415: $? = 1
configure: failed program was:
| /* confdefs.h */
| #define PACKAGE_NAME "json-c"
| #define PACKAGE_TARNAME "json-c"
| #define PACKAGE_VERSION "0.10"
| #define PACKAGE_STRING "json-c 0.10"
| #define PACKAGE_BUGREPORT "json-c@googlegroups.com"
| #define PACKAGE_URL ""
| #define PACKAGE "json-c"
| #define VERSION "0.10"
| #define STDC_HEADERS 1
| #define HAVE_SYS_TYPES_H 1
| #define HAVE_SYS_STAT_H 1
| #define HAVE_STDLIB_H 1
| #define HAVE_STRING_H 1
| #define HAVE_MEMORY_H 1
| #define HAVE_STRINGS_H 1
| #define HAVE_INTTYPES_H 1
| #define HAVE_STDINT_H 1
| #define HAVE_UNISTD_H 1
| #define HAVE_FCNTL_H 1
| #define HAVE_LIMITS_H 1
| #define HAVE_STRINGS_H 1
| #define HAVE_SYSLOG_H 1
| #define HAVE_UNISTD_H 1
| #define HAVE_SYS_PARAM_H 1
| #define HAVE_STDARG_H 1
| #define JSON_C_HAVE_INTTYPES_H 1
| #define HAVE_VPRINTF 1
| /* end confdefs.h.  */
| /* Define _doprnt to an innocuous variant, in case <limits.h> declares _doprnt.
|    For example, HP-UX 11i <limits.h> declares gettimeofday.  */
| #define _doprnt innocuous__doprnt
| 
| /* System header to define __stub macros and hopefully few prototypes,
|     which can conflict with char _doprnt (); below.
|     Prefer <limits.h> to <assert.h> if __STDC__ is defined, since
|     <limits.h> exists even on freestanding compilers.  */
| 
| #ifdef __STDC__
| # include <limits.h>
| #else
| # include <assert.h>
| #endif
| 
| #undef _doprnt
| 
| /* Override any GCC internal prototype to avoid an error.
|    Use char because int might match the return type of a GCC
|    builtin and then its argument prototype would still apply.  */
| #ifdef __cplusplus
| extern "C"
| #endif
| char _doprnt ();
| /* The GNU C library defines this for functions which it implements
|     to always fail with ENOSYS.  Some functions are actually named
|     something starting with __ and the normal name is an alias.  */
| #if defined __stub__doprnt || defined __stub____doprnt
| choke me
| #endif
| 
| int
| main ()
| {
| return _doprnt ();
|   ;
|   return 0;
| }
configure:4415: result: no
configure:4426: checking for working memcmp
configure:4469: gcc -o conftest -m32  -m32 conftest.c  >&5
configure:4469: $? = 0
configure:4469: ./conftest
configure:4469: $? = 0
configure:4479: result: yes
configure:4490: checking for stdlib.h
configure:4490: result: yes
configure:4500: checking for GNU libc compatible malloc
configure:4524: gcc -o conftest -m32  -m32 conftest.c  >&5
configure:4524: $? = 0
configure:4524: ./conftest
configure:4524: $? = 0
configure:4534: result: yes
configure:4557: checking for stdlib.h
configure:4557: result: yes
configure:4567: checking for GNU libc compatible realloc
configure:4591: gcc -o conftest -m32  -m32 conftest.c  >&5
configure:4591: $? = 0
configure:4591: ./conftest
configure:4591: $? = 0
configure:4601: result: yes
configure:4625: checking for strndup
configure:4625: gcc -o conftest -m32  -m32 conftest.c  >&5
conftest.c:57: warning: conflicting types for built-in function 'strndup'
configure:4625: $? = 0
configure:4625: result: yes
configure:4625: checking for strerror
configure:4625: gcc -o conftest -m32  -m32 conftest.c  >&5
configure:4625: $? = 0
configure:4625: result: yes
configure:4625: checking for vsnprintf
configure:4625: gcc -o conftest -m32  -m32 conftest.c  >&5
conftest.c:59: warning: conflicting types for built-in function 'vsnprintf'
configure:4625: $? = 0
configure:4625: result: yes
configure:4625: checking for vasprintf
configure:4625: gcc -o conftest -m32  -m32 conftest.c  >&5
configure:4625: $? = 0
configure:4625: result: yes
configure:4625: checking for open
configure:4625: gcc -o conftest -m32  -m32 conftest.c  >&5
configure:4625: $? = 0
configure:4625: result: yes
configure:4625: checking for vsyslog
configure:4625: gcc -o conftest -m32  -m32 conftest.c  >&5
configure:4625: $? = 0
configure:4625: result: yes
configure:4625: checking for strncasecmp
configure:4625: gcc -o conftest -m32  -m32 conftest.c  >&5
conftest.c:63: warning: conflicting types for built-in function 'strncasecmp'
configure:4625: $? = 0
configure:4625: result: yes
configure:4664: checking build system type
configure:4678: result: x86_64-unknown-linux-gnu
configure:4698: checking host system type
configure:4711: result: x86_64-unknown-linux-gnu
configure:4731: checking for a sed that does not truncate output
configure:4795: result: /bin/sed
configure:4813: checking for fgrep
configure:4875: result: /bin/grep -F
configure:4910: checking for ld used by gcc
configure:4977: result: /usr/bin/ld
configure:4984: checking if the linker (/usr/bin/ld) is GNU ld
configure:4999: result: yes
configure:5011: checking for BSD- or MS-compatible name lister (nm)
configure:5060: result: /usr/bin/nm -B
configure:5178: checking the name lister (/usr/bin/nm -B) interface
configure:5185: gcc -c -m32  conftest.c >&5
configure:5188: /usr/bin/nm -B "conftest.o"
configure:5191: output
0000000000000000 B some_variable
configure:5198: result: BSD nm
configure:5201: checking whether ln -s works
configure:5205: result: yes
configure:5213: checking the maximum length of command line arguments
configure:5333: result: 98304
configure:5350: checking whether the shell understands some XSI constructs
configure:5360: result: yes
configure:5364: checking whether the shell understands "+="
configure:5370: result: yes
configure:5405: checking for /usr/bin/ld option to reload object files
configure:5412: result: -r
configure:5481: checking for objdump
configure:5497: found /usr/bin/objdump
configure:5508: result: objdump
configure:5540: checking how to recognize dependent libraries
configure:5736: result: pass_all
configure:5796: checking for ar
configure:5812: found /usr/bin/ar
configure:5823: result: ar
configure:5901: checking for strip
configure:5917: found /usr/bin/strip
configure:5928: result: strip
configure:6000: checking for ranlib
configure:6016: found /usr/bin/ranlib
configure:6027: result: ranlib
configure:6117: checking command to parse /usr/bin/nm -B output from gcc object
configure:6235: gcc -c -m32  conftest.c >&5
configure:6238: $? = 0
configure:6242: /usr/bin/nm -B conftest.o \| sed -n -e 's/^.*[	 ]\([ABCDGIRSTW][ABCDGIRSTW]*\)[	 ][	 ]*\([_A-Za-z][_A-Za-z0-9]*\)$/\1 \2 \2/p' \> conftest.nm
configure:6245: $? = 0
configure:6299: gcc -o conftest -m32  -m32 conftest.c conftstm.o >&5
configure:6302: $? = 0
configure:6340: result: ok
configure:6435: gcc -c -m32  conftest.c >&5
configure:6438: $? = 0
configure:7145: checking for dlfcn.h
configure:7145: gcc -c -m32  conftest.c >&5
configure:7145: $? = 0
configure:7145: result: yes
configure:7329: checking for objdir
configure:7344: result: .libs
configure:7636: checking if gcc supports -fno-rtti -fno-exceptions
configure:7654: gcc -c -m32  -fno-rtti -fno-exceptions conftest.c >&5
cc1: warning: command line option "-fno-rtti" is valid for C++/ObjC++ but not for C
configure:7658: $? = 0
configure:7671: result: no
configure:7691: checking for gcc option to produce PIC
configure:7963: result: -fPIC -DPIC
configure:7975: checking if gcc PIC flag -fPIC -DPIC works
configure:7993: gcc -c -m32  -fPIC -DPIC -DPIC conftest.c >&5
configure:7997: $? = 0
configure:8010: result: yes
configure:8034: checking if gcc static flag -static works
configure:8062: result: yes
configure:8077: checking if gcc supports -c -o file.o
configure:8098: gcc -c -m32  -o out/conftest2.o conftest.c >&5
configure:8102: $? = 0
configure:8124: result: yes
configure:8132: checking if gcc supports -c -o file.o
configure:8179: result: yes
configure:8212: checking whether the gcc linker (/usr/bin/ld -m elf_i386) supports shared libraries
configure:9199: result: yes
configure:9438: checking dynamic linker characteristics
configure:9871: gcc -o conftest -m32  -m32 -Wl,-rpath -Wl,/foo conftest.c  >&5
configure:9871: $? = 0
configure:10089: result: GNU/Linux ld.so
configure:10191: checking how to hardcode library paths into programs
configure:10216: result: immediate
configure:10736: checking whether stripping libraries is possible
configure:10741: result: yes
configure:10776: checking if libtool supports shared libraries
configure:10778: result: yes
configure:10781: checking whether to build shared libraries
configure:10802: result: no
configure:10805: checking whether to build static libraries
configure:10809: result: yes
configure:10978: creating ./config.status

## ---------------------- ##
## Running config.status. ##
## ---------------------- ##

This file was extended by json-c config.status 0.10, which was
generated by GNU Autoconf 2.68.  Invocation command line was

  CONFIG_FILES    = 
  CONFIG_HEADERS  = 
  CONFIG_LINKS    = 
  CONFIG_COMMANDS = 
  $ ./config.status 

on localhost.localdomain

config.status:1094: creating Makefile
config.status:1094: creating json.pc
config.status:1094: creating tests/Makefile
config.status:1094: creating config.h
config.status:1275: config.h is unchanged
config.status:1094: creating json_config.h
config.status:1275: json_config.h is unchanged
config.status:1323: executing depfiles commands
config.status:1323: executing libtool commands

## ---------------- ##
## Cache variables. ##
## ---------------- ##

ac_cv_build=x86_64-unknown-linux-gnu
ac_cv_c_compiler_gnu=yes
ac_cv_c_const=yes
ac_cv_env_CC_set=
ac_cv_env_CC_value=
ac_cv_env_CFLAGS_set=set
ac_cv_env_CFLAGS_value=-m32
ac_cv_env_CPPFLAGS_set=
ac_cv_env_CPPFLAGS_value=
ac_cv_env_CPP_set=
ac_cv_env_CPP_value=
ac_cv_env_LDFLAGS_set=set
ac_cv_env_LDFLAGS_value=-m32
ac_cv_env_LIBS_set=
ac_cv_env_LIBS_value=
ac_cv_env_build_alias_set=
ac_cv_env_build_alias_value=
ac_cv_env_host_alias_set=
ac_cv_env_host_alias_value=
ac_cv_env_target_alias_set=
ac_cv_env_target_alias_value=
ac_cv_func__doprnt=no
ac_cv_func_malloc_0_nonnull=yes
ac_cv_func_memcmp_working=yes
ac_cv_func_open=yes
ac_cv_func_realloc_0_nonnull=yes
ac_cv_func_strerror=yes
ac_cv_func_strncasecmp=yes
ac_cv_func_strndup=yes
ac_cv_func_vasprintf=yes
ac_cv_func_vprintf=yes
ac_cv_func_vsnprintf=yes
ac_cv_func_vsyslog=yes
ac_cv_header_dlfcn_h=yes
ac_cv_header_fcntl_h=yes
ac_cv_header_inttypes_h=yes
ac_cv_header_limits_h=yes
ac_cv_header_memory_h=yes
ac_cv_header_stdarg_h=yes
ac_cv_header_stdc=yes
ac_cv_header_stdint_h=yes
ac_cv_header_stdlib_h=yes
ac_cv_header_string_h=yes
ac_cv_header_strings_h=yes
ac_cv_header_sys_param_h=yes
ac_cv_header_sys_stat_h=yes
ac_cv_header_sys_types_h=yes
ac_cv_header_syslog_h=yes
ac_cv_header_unistd_h=yes
ac_cv_host=x86_64-unknown-linux-gnu
ac_cv_objext=o
ac_cv_path_EGREP='/bin/grep -E'
ac_cv_path_FGREP='/bin/grep -F'
ac_cv_path_GREP=/bin/grep
ac_cv_path_SED=/bin/sed
ac_cv_path_install='/usr/bin/install -c'
ac_cv_path_mkdir=/bin/mkdir
ac_cv_prog_AWK=gawk
ac_cv_prog_CPP='gcc -E'
ac_cv_prog_ac_ct_AR=ar
ac_cv_prog_ac_ct_CC=gcc
ac_cv_prog_ac_ct_OBJDUMP=objdump
ac_cv_prog_ac_ct_RANLIB=ranlib
ac_cv_prog_ac_ct_STRIP=strip
ac_cv_prog_cc_c89=
ac_cv_prog_cc_g=yes
ac_cv_prog_make_make_set=yes
ac_cv_type_size_t=yes
am_cv_CC_dependencies_compiler_type=gcc3
lt_cv_deplibs_check_method=pass_all
lt_cv_file_magic_cmd='$MAGIC_CMD'
lt_cv_file_magic_test_file=
lt_cv_ld_reload_flag=-r
lt_cv_nm_interface='BSD nm'
lt_cv_objdir=.libs
lt_cv_path_LD=/usr/bin/ld
lt_cv_path_NM='/usr/bin/nm -B'
lt_cv_prog_compiler_c_o=yes
lt_cv_prog_compiler_pic_works=yes
lt_cv_prog_compiler_rtti_exceptions=no
lt_cv_prog_compiler_static_works=yes
lt_cv_prog_gnu_ld=yes
lt_cv_sys_global_symbol_pipe='sed -n -e '\''s/^.*[	 ]\([ABCDGIRSTW][ABCDGIRSTW]*\)[	 ][	 ]*\([_A-Za-z][_A-Za-z0-9]*\)$/\1 \2 \2/p'\'''
lt_cv_sys_global_symbol_to_c_name_address='sed -n -e '\''s/^: \([^ ]*\) $/  {\"\1\", (void *) 0},/p'\'' -e '\''s/^[ABCDGIRSTW]* \([^ ]*\) \([^ ]*\)$/  {"\2", (void *) \&\2},/p'\'''
lt_cv_sys_global_symbol_to_c_name_address_lib_prefix='sed -n -e '\''s/^: \([^ ]*\) $/  {\"\1\", (void *) 0},/p'\'' -e '\''s/^[ABCDGIRSTW]* \([^ ]*\) \(lib[^ ]*\)$/  {"\2", (void *) \&\2},/p'\'' -e '\''s/^[ABCDGIRSTW]* \([^ ]*\) \([^ ]*\)$/  {"lib\2", (void *) \&\2},/p'\'''
lt_cv_sys_global_symbol_to_cdecl='sed -n -e '\''s/^T .* \(.*\)$/extern int \1();/p'\'' -e '\''s/^[ABCDGIRSTW]* .* \(.*\)$/extern char \1;/p'\'''
lt_cv_sys_max_cmd_len=98304

## ----------------- ##
## Output variables. ##
## ----------------- ##

ACLOCAL='${SHELL} /home/user/rcs-anonymizer/src/json/json-c-0.10.i686/missing --run aclocal-1.11'
AMDEPBACKSLASH='\'
AMDEP_FALSE='#'
AMDEP_TRUE=''
AMTAR='${SHELL} /home/user/rcs-anonymizer/src/json/json-c-0.10.i686/missing --run tar'
AR='ar'
AUTOCONF='${SHELL} /home/user/rcs-anonymizer/src/json/json-c-0.10.i686/missing --run autoconf'
AUTOHEADER='${SHELL} /home/user/rcs-anonymizer/src/json/json-c-0.10.i686/missing --run autoheader'
AUTOMAKE='${SHELL} /home/user/rcs-anonymizer/src/json/json-c-0.10.i686/missing --run automake-1.11'
AWK='gawk'
CC='gcc'
CCDEPMODE='depmode=gcc3'
CFLAGS='-m32'
CPP='gcc -E'
CPPFLAGS=''
CYGPATH_W='echo'
DEFS='-DHAVE_CONFIG_H'
DEPDIR='.deps'
DSYMUTIL=''
DUMPBIN=''
ECHO_C=''
ECHO_N='-n'
ECHO_T=''
EGREP='/bin/grep -E'
EXEEXT=''
FGREP='/bin/grep -F'
GREP='/bin/grep'
INSTALL_DATA='${INSTALL} -m 644'
INSTALL_PROGRAM='${INSTALL}'
INSTALL_SCRIPT='${INSTALL}'
INSTALL_STRIP_PROGRAM='$(install_sh) -c -s'
LD='/usr/bin/ld -m elf_i386'
LDFLAGS='-m32'
LIBOBJS=''
LIBS=''
LIBTOOL='$(SHELL) $(top_builddir)/libtool'
LIPO=''
LN_S='ln -s'
LTLIBOBJS=''
MAKEINFO='${SHELL} /home/user/rcs-anonymizer/src/json/json-c-0.10.i686/missing --run makeinfo'
MKDIR_P='/bin/mkdir -p'
NM='/usr/bin/nm -B'
NMEDIT=''
OBJDUMP='objdump'
OBJEXT='o'
OTOOL64=''
OTOOL=''
PACKAGE='json-c'
PACKAGE_BUGREPORT='json-c@googlegroups.com'
PACKAGE_NAME='json-c'
PACKAGE_STRING='json-c 0.10'
PACKAGE_TARNAME='json-c'
PACKAGE_URL=''
PACKAGE_VERSION='0.10'
PATH_SEPARATOR=':'
RANLIB='ranlib'
SED='/bin/sed'
SET_MAKE=''
SHELL='/bin/sh'
STRIP='strip'
VERSION='0.10'
ac_ct_CC='gcc'
ac_ct_DUMPBIN=''
am__EXEEXT_FALSE=''
am__EXEEXT_TRUE='#'
am__fastdepCC_FALSE='#'
am__fastdepCC_TRUE=''
am__include='include'
am__isrc=''
am__leading_dot='.'
am__quote=''
am__tar='${AMTAR} chof - "$$tardir"'
am__untar='${AMTAR} xf -'
bindir='${exec_prefix}/bin'
build='x86_64-unknown-linux-gnu'
build_alias=''
build_cpu='x86_64'
build_os='linux-gnu'
build_vendor='unknown'
datadir='${datarootdir}'
datarootdir='${prefix}/share'
docdir='${datarootdir}/doc/${PACKAGE_TARNAME}'
dvidir='${docdir}'
exec_prefix='${prefix}'
host='x86_64-unknown-linux-gnu'
host_alias=''
host_cpu='x86_64'
host_os='linux-gnu'
host_vendor='unknown'
htmldir='${docdir}'
includedir='${prefix}/include'
infodir='${datarootdir}/info'
install_sh='${SHELL} /home/user/rcs-anonymizer/src/json/json-c-0.10.i686/install-sh'
libdir='${exec_prefix}/lib'
libexecdir='${exec_prefix}/libexec'
localedir='${datarootdir}/locale'
localstatedir='${prefix}/var'
lt_ECHO='echo'
mandir='${datarootdir}/man'
mkdir_p='/bin/mkdir -p'
oldincludedir='/usr/include'
pdfdir='${docdir}'
prefix='/usr/local'
program_transform_name='s,x,x,'
psdir='${docdir}'
sbindir='${exec_prefix}/sbin'
sharedstatedir='${prefix}/com'
sysconfdir='${prefix}/etc'
target_alias=''

## ----------- ##
## confdefs.h. ##
## ----------- ##

/* confdefs.h */
#define PACKAGE_NAME "json-c"
#define PACKAGE_TARNAME "json-c"
#define PACKAGE_VERSION "0.10"
#define PACKAGE_STRING "json-c 0.10"
#define PACKAGE_BUGREPORT "json-c@googlegroups.com"
#define PACKAGE_URL ""
#define PACKAGE "json-c"
#define VERSION "0.10"
#define STDC_HEADERS 1
#define HAVE_SYS_TYPES_H 1
#define HAVE_SYS_STAT_H 1
#define HAVE_STDLIB_H 1
#define HAVE_STRING_H 1
#define HAVE_MEMORY_H 1
#define HAVE_STRINGS_H 1
#define HAVE_INTTYPES_H 1
#define HAVE_STDINT_H 1
#define HAVE_UNISTD_H 1
#define HAVE_FCNTL_H 1
#define HAVE_LIMITS_H 1
#define HAVE_STRINGS_H 1
#define HAVE_SYSLOG_H 1
#define HAVE_UNISTD_H 1
#define HAVE_SYS_PARAM_H 1
#define HAVE_STDARG_H 1
#define JSON_C_HAVE_INTTYPES_H 1
#define HAVE_VPRINTF 1
#define HAVE_STDLIB_H 1
#define HAVE_MALLOC 1
#define HAVE_STDLIB_H 1
#define HAVE_REALLOC 1
#define HAVE_STRNDUP 1
#define HAVE_STRERROR 1
#define HAVE_VSNPRINTF 1
#define HAVE_VASPRINTF 1
#define HAVE_OPEN 1
#define HAVE_VSYSLOG 1
#define HAVE_STRNCASECMP 1
#define HAVE_DLFCN_H 1
#define LT_OBJDIR ".libs/"

configure: exit 0
